<?xml version="1.0" encoding="UTF-8"?>
<!-- Generated by org.testng.reporters.JUnitReportReporter -->
<testsuite hostname="CLS3108146778O" name="seleniumAutomatizacion.SearchProductTest" tests="1" failures="0" timestamp="18 Jun 2019 20:44:28 GMT" time="11.803" errors="0">
  <testcase name="openFalabellaPage" time="11.803" classname="seleniumAutomatizacion.SearchProductTest"/>
</testsuite> <!-- seleniumAutomatizacion.SearchProductTest -->
