<?xml version="1.0" encoding="UTF-8"?>
<!-- Generated by org.testng.reporters.JUnitReportReporter -->
<testsuite hostname="CLS3108146778O" name="automatizacionTestCases.Prueba2" tests="7" failures="0" timestamp="20 Jun 2019 02:03:14 GMT" time="17.421" errors="0">
  <testcase name="abrir_Falabella_Page" time="6.844" classname="automatizacionTestCases.Prueba2"/>
  <testcase name="agregar_producto_carro" time="0.349" classname="automatizacionTestCases.Prueba2"/>
  <testcase name="validar_Existencia_Elemetos_Home" time="0.087" classname="automatizacionTestCases.Prueba2"/>
  <testcase name="realizar_Busqueda_Producto" time="5.139" classname="automatizacionTestCases.Prueba2"/>
  <testcase name="obtengo_Precio_Producto_encontrado" time="2.221" classname="automatizacionTestCases.Prueba2"/>
  <testcase name="validar_precio_producto_carro" time="0.167" classname="automatizacionTestCases.Prueba2"/>
  <testcase name="ver_producto_carro" time="2.614" classname="automatizacionTestCases.Prueba2"/>
</testsuite> <!-- automatizacionTestCases.Prueba2 -->
